# JRE version: Java(TM) SE Runtime Environment (8.0_191-b12) (build 1.8.0_191-b12)
# Java VM: Java HotSpot(TM) 64-Bit Server VM (25.191-b12 mixed mode windows-amd64 compressed oops)
Heap:
 PSYoungGen      total 518144K, used 398769K [0x00000000d7000000, 0x00000000ffc00000, 0x0000000100000000)
  eden space 384512K, 99% used [0x00000000d7000000,0x00000000ee59db48,0x00000000ee780000)
  from space 133632K, 12% used [0x00000000ee780000,0x00000000ef74ecb0,0x00000000f6a00000)
  to   space 130560K, 0% used [0x00000000f7c80000,0x00000000f7c80000,0x00000000ffc00000)
 ParOldGen       total 1066496K, used 823124K [0x0000000085000000, 0x00000000c6180000, 0x00000000d7000000)
  object space 1066496K, 77% used [0x0000000085000000,0x00000000b73d5258,0x00000000c6180000)
 Metaspace       used 14252K, capacity 14542K, committed 14720K, reserved 1062912K
  class space    used 1536K, capacity 1630K, committed 1664K, reserved 1048576K
GC Heap History (10 events):
Event: 43.948 GC heap before
{Heap before GC invocations=37 (full 7):
 PSYoungGen      total 408064K, used 400691K [0x00000000d7000000, 0x00000000fea80000, 0x0000000100000000)
  eden space 364032K, 97% used [0x00000000d7000000,0x00000000ecc60000,0x00000000ed380000)
  from space 44032K, 99% used [0x00000000ed380000,0x00000000efe6cfb0,0x00000000efe80000)
  to   space 142848K, 0% used [0x00000000f5f00000,0x00000000f5f00000,0x00000000fea80000)
 ParOldGen       total 983552K, used 830397K [0x0000000085000000, 0x00000000c1080000, 0x00000000d7000000)
  object space 983552K, 84% used [0x0000000085000000,0x00000000b7aef638,0x00000000c1080000)
 Metaspace       used 14094K, capacity 14350K, committed 14464K, reserved 1062912K
  class space    used 1536K, capacity 1630K, committed 1664K, reserved 1048576K
Event: 44.009 GC heap after
Heap after GC invocations=37 (full 7):
 PSYoungGen      total 501760K, used 86618K [0x00000000d7000000, 0x0000000100000000, 0x0000000100000000)
  eden space 358912K, 0% used [0x00000000d7000000,0x00000000d7000000,0x00000000ece80000)
  from space 142848K, 60% used [0x00000000f5f00000,0x00000000fb396a40,0x00000000fea80000)
  to   space 147968K, 0% used [0x00000000ece80000,0x00000000ece80000,0x00000000f5f00000)
 ParOldGen       total 983552K, used 874305K [0x0000000085000000, 0x00000000c1080000, 0x00000000d7000000)
  object space 983552K, 88% used [0x0000000085000000,0x00000000ba5d05e8,0x00000000c1080000)
 Metaspace       used 14094K, capacity 14350K, committed 14464K, reserved 1062912K
  class space    used 1536K, capacity 1630K, committed 1664K, reserved 1048576K
}
Event: 44.009 GC heap before
{Heap before GC invocations=38 (full 8):
 PSYoungGen      total 501760K, used 86618K [0x00000000d7000000, 0x0000000100000000, 0x0000000100000000)
  eden space 358912K, 0% used [0x00000000d7000000,0x00000000d7000000,0x00000000ece80000)
  from space 142848K, 60% used [0x00000000f5f00000,0x00000000fb396a40,0x00000000fea80000)
  to   space 147968K, 0% used [0x00000000ece80000,0x00000000ece80000,0x00000000f5f00000)
 ParOldGen       total 983552K, used 874305K [0x0000000085000000, 0x00000000c1080000, 0x00000000d7000000)
  object space 983552K, 88% used [0x0000000085000000,0x00000000ba5d05e8,0x00000000c1080000)
 Metaspace       used 14094K, capacity 14350K, committed 14464K, reserved 1062912K
  class space    used 1536K, capacity 1630K, committed 1664K, reserved 1048576K
Event: 44.110 GC heap after
Heap after GC invocations=38 (full 8):
 PSYoungGen      total 501760K, used 0K [0x00000000d7000000, 0x0000000100000000, 0x0000000100000000)
  eden space 358912K, 0% used [0x00000000d7000000,0x00000000d7000000,0x00000000ece80000)
  from space 142848K, 0% used [0x00000000f5f00000,0x00000000f5f00000,0x00000000fea80000)
  to   space 147968K, 0% used [0x00000000ece80000,0x00000000ece80000,0x00000000f5f00000)
 ParOldGen       total 1066496K, used 764570K [0x0000000085000000, 0x00000000c6180000, 0x00000000d7000000)
  object space 1066496K, 71% used [0x0000000085000000,0x00000000b3aa6818,0x00000000c6180000)
 Metaspace       used 14094K, capacity 14350K, committed 14464K, reserved 1062912K
  class space    used 1536K, capacity 1630K, committed 1664K, reserved 1048576K
}
Event: 44.538 GC heap before
{Heap before GC invocations=39 (full 8):
 PSYoungGen      total 501760K, used 358912K [0x00000000d7000000, 0x0000000100000000, 0x0000000100000000)
  eden space 358912K, 100% used [0x00000000d7000000,0x00000000ece80000,0x00000000ece80000)
  from space 142848K, 0% used [0x00000000f5f00000,0x00000000f5f00000,0x00000000fea80000)
  to   space 147968K, 0% used [0x00000000ece80000,0x00000000ece80000,0x00000000f5f00000)
 ParOldGen       total 1066496K, used 764570K [0x0000000085000000, 0x00000000c6180000, 0x00000000d7000000)
  object space 1066496K, 71% used [0x0000000085000000,0x00000000b3aa6818,0x00000000c6180000)
 Metaspace       used 14094K, capacity 14350K, committed 14464K, reserved 1062912K
  class space    used 1536K, capacity 1630K, committed 1664K, reserved 1048576K
Event: 44.552 GC heap after
Heap after GC invocations=39 (full 8):
 PSYoungGen      total 506880K, used 43955K [0x00000000d7000000, 0x00000000ff400000, 0x0000000100000000)
  eden space 358912K, 0% used [0x00000000d7000000,0x00000000d7000000,0x00000000ece80000)
  from space 147968K, 29% used [0x00000000ece80000,0x00000000ef96cfb0,0x00000000f5f00000)
  to   space 139264K, 0% used [0x00000000f6c00000,0x00000000f6c00000,0x00000000ff400000)
 ParOldGen       total 1066496K, used 764570K [0x0000000085000000, 0x00000000c6180000, 0x00000000d7000000)
  object space 1066496K, 71% used [0x0000000085000000,0x00000000b3aa6818,0x00000000c6180000)
 Metaspace       used 14094K, capacity 14350K, committed 14464K, reserved 1062912K
  class space    used 1536K, capacity 1630K, committed 1664K, reserved 1048576K
}
Event: 44.956 GC heap before
{Heap before GC invocations=40 (full 8):
 PSYoungGen      total 506880K, used 402867K [0x00000000d7000000, 0x00000000ff400000, 0x0000000100000000)
  eden space 358912K, 100% used [0x00000000d7000000,0x00000000ece80000,0x00000000ece80000)
  from space 147968K, 29% used [0x00000000ece80000,0x00000000ef96cfb0,0x00000000f5f00000)
  to   space 139264K, 0% used [0x00000000f6c00000,0x00000000f6c00000,0x00000000ff400000)
 ParOldGen       total 1066496K, used 764570K [0x0000000085000000, 0x00000000c6180000, 0x00000000d7000000)
  object space 1066496K, 71% used [0x0000000085000000,0x00000000b3aa6818,0x00000000c6180000)
 Metaspace       used 14094K, capacity 14350K, committed 14464K, reserved 1062912K
  class space    used 1536K, capacity 1630K, committed 1664K, reserved 1048576K
Event: 44.969 GC heap after
Heap after GC invocations=40 (full 8):
 PSYoungGen      total 516096K, used 29357K [0x00000000d7000000, 0x00000000fec80000, 0x0000000100000000)
  eden space 384512K, 0% used [0x00000000d7000000,0x00000000d7000000,0x00000000ee780000)
  from space 131584K, 22% used [0x00000000f6c00000,0x00000000f88ab520,0x00000000fec80000)
  to   space 133632K, 0% used [0x00000000ee780000,0x00000000ee780000,0x00000000f6a00000)
 ParOldGen       total 1066496K, used 808477K [0x0000000085000000, 0x00000000c6180000, 0x00000000d7000000)
  object space 1066496K, 75% used [0x0000000085000000,0x00000000b65877c8,0x00000000c6180000)
 Metaspace       used 14094K, capacity 14350K, committed 14464K, reserved 1062912K
  class space    used 1536K, capacity 1630K, committed 1664K, reserved 1048576K
}
Event: 46.290 GC heap before
{Heap before GC invocations=41 (full 8):
 PSYoungGen      total 516096K, used 413869K [0x00000000d7000000, 0x00000000fec80000, 0x0000000100000000)
  eden space 384512K, 100% used [0x00000000d7000000,0x00000000ee780000,0x00000000ee780000)
  from space 131584K, 22% used [0x00000000f6c00000,0x00000000f88ab520,0x00000000fec80000)
  to   space 133632K, 0% used [0x00000000ee780000,0x00000000ee780000,0x00000000f6a00000)
 ParOldGen       total 1066496K, used 808477K [0x0000000085000000, 0x00000000c6180000, 0x00000000d7000000)
  object space 1066496K, 75% used [0x0000000085000000,0x00000000b65877c8,0x00000000c6180000)
 Metaspace       used 14184K, capacity 14478K, committed 14720K, reserved 1062912K
  class space    used 1536K, capacity 1630K, committed 1664K, reserved 1048576K
Event: 46.304 GC heap after
Heap after GC invocations=41 (full 8):
 PSYoungGen      total 518144K, used 16187K [0x00000000d7000000, 0x00000000ffc00000, 0x0000000100000000)
  eden space 384512K, 0% used [0x00000000d7000000,0x00000000d7000000,0x00000000ee780000)
  from space 133632K, 12% used [0x00000000ee780000,0x00000000ef74ecb0,0x00000000f6a00000)
  to   space 130560K, 0% used [0x00000000f7c80000,0x00000000f7c80000,0x00000000ffc00000)
 ParOldGen       total 1066496K, used 823124K [0x0000000085000000, 0x00000000c6180000, 0x00000000d7000000)
  object space 1066496K, 77% used [0x0000000085000000,0x00000000b73d5258,0x00000000c6180000)
 Metaspace       used 14184K, capacity 14478K, committed 14720K, reserved 1062912K
  class space    used 1536K, capacity 1630K, committed 1664K, reserved 1048576K
}

